<?xml version="1.0" encoding="UTF-8"?>
<!-- Generated by org.testng.reporters.JUnitXMLReporter -->
<testsuite ignored="1" hostname="DESKTOP-C50PI6G" failures="0" tests="1" name="Default test" time="18.776" errors="0" timestamp="2024-10-02T14:33:30 IST">
  <testcase classname="com.ecommerce.test.Checkoutpages" name="NavigateToCheckoutPage" time="4.547"/>
  <testcase classname="com.ecommerce.test.Checkoutpages" name="NavigatetoCheckout" time="0.0">
    <ignored/>
  </testcase> <!-- NavigatetoCheckout -->
</testsuite> <!-- Default test -->
