<?xml version="1.0" encoding="UTF-8"?>
<!-- Generated by org.testng.reporters.JUnitXMLReporter -->
<testsuite ignored="4" hostname="DESKTOP-C50PI6G" failures="0" tests="1" name="Default test" time="47.933" errors="0" timestamp="2024-10-05T12:37:00 IST">
  <testcase classname="com.ecommerce.test.Forgotpassword" name="NavigateToChangePasswordPage" time="2.155"/>
  <testcase classname="com.ecommerce.test.Forgotpassword" name="IncompletePassword" time="0.0">
    <ignored/>
  </testcase> <!-- IncompletePassword -->
  <testcase classname="com.ecommerce.test.Forgotpassword" name="NavigatetoMyAccountPage" time="0.0">
    <ignored/>
  </testcase> <!-- NavigatetoMyAccountPage -->
  <testcase classname="com.ecommerce.test.Forgotpassword" name="InvalidconfirmPassword" time="0.0">
    <ignored/>
  </testcase> <!-- InvalidconfirmPassword -->
  <testcase classname="com.ecommerce.test.Forgotpassword" name="UpdatePassword" time="0.0">
    <ignored/>
  </testcase> <!-- UpdatePassword -->
</testsuite> <!-- Default test -->
