<?xml version="1.0" encoding="UTF-8"?>
<testng-results ignored="0" total="1" passed="1" failed="0" skipped="0">
  <reporter-output>
  </reporter-output>
  <suite started-at="2024-10-02T14:33:11 IST" name="Default suite" finished-at="2024-10-02T14:33:29 IST" duration-ms="18776">
    <groups>
    </groups>
    <test started-at="2024-10-02T14:33:11 IST" name="Default test" finished-at="2024-10-02T14:33:29 IST" duration-ms="18776">
      <class name="com.ecommerce.test.Checkoutpages">
        <test-method is-config="true" signature="Setup()[pri:0, instance:com.ecommerce.test.Checkoutpages@17bffc17]" started-at="2024-10-02T14:33:11 IST" name="Setup" finished-at="2024-10-02T14:33:24 IST" duration-ms="13437" status="PASS">
          <reporter-output>
          </reporter-output>
        </test-method> <!-- Setup -->
        <test-method signature="NavigateToCheckoutPage()[pri:0, instance:com.ecommerce.test.Checkoutpages@17bffc17]" started-at="2024-10-02T14:33:24 IST" name="NavigateToCheckoutPage" finished-at="2024-10-02T14:33:29 IST" duration-ms="4547" status="PASS">
          <reporter-output>
          </reporter-output>
        </test-method> <!-- NavigateToCheckoutPage -->
        <test-method is-config="true" signature="Destroy()[pri:0, instance:com.ecommerce.test.Checkoutpages@17bffc17]" started-at="2024-10-02T14:33:29 IST" name="Destroy" finished-at="2024-10-02T14:33:29 IST" duration-ms="565" status="PASS">
          <reporter-output>
          </reporter-output>
        </test-method> <!-- Destroy -->
      </class> <!-- com.ecommerce.test.Checkoutpages -->
    </test> <!-- Default test -->
  </suite> <!-- Default suite -->
</testng-results>
