<?xml version="1.0" encoding="UTF-8"?>
<testng-results ignored="0" total="1" passed="1" failed="0" skipped="0">
  <reporter-output>
  </reporter-output>
  <suite started-at="2024-10-05T12:36:12 IST" name="Default suite" finished-at="2024-10-05T12:37:00 IST" duration-ms="47933">
    <groups>
    </groups>
    <test started-at="2024-10-05T12:36:12 IST" name="Default test" finished-at="2024-10-05T12:37:00 IST" duration-ms="47933">
      <class name="com.ecommerce.test.Forgotpassword">
        <test-method is-config="true" signature="Setup()[pri:0, instance:com.ecommerce.test.Forgotpassword@5b38c1ec]" started-at="2024-10-05T12:36:13 IST" name="Setup" finished-at="2024-10-05T12:36:57 IST" duration-ms="44103" status="PASS">
          <reporter-output>
          </reporter-output>
        </test-method> <!-- Setup -->
        <test-method signature="NavigateToChangePasswordPage()[pri:0, instance:com.ecommerce.test.Forgotpassword@5b38c1ec]" started-at="2024-10-05T12:36:57 IST" name="NavigateToChangePasswordPage" finished-at="2024-10-05T12:36:59 IST" duration-ms="2155" status="PASS">
          <reporter-output>
          </reporter-output>
        </test-method> <!-- NavigateToChangePasswordPage -->
        <test-method is-config="true" signature="Destroy()[pri:0, instance:com.ecommerce.test.Forgotpassword@5b38c1ec]" started-at="2024-10-05T12:36:59 IST" name="Destroy" finished-at="2024-10-05T12:37:00 IST" duration-ms="1589" status="PASS">
          <reporter-output>
          </reporter-output>
        </test-method> <!-- Destroy -->
      </class> <!-- com.ecommerce.test.Forgotpassword -->
    </test> <!-- Default test -->
  </suite> <!-- Default suite -->
</testng-results>
